<?xml version="1.0" encoding="UTF-8"?>
<testsuite xmlns:xsi="http://www.w3.org/2001/XMLSchema-instance" xsi:noNamespaceSchemaLocation="https://maven.apache.org/surefire/maven-surefire-plugin/xsd/surefire-test-report.xsd" name="com.typotest.codecoverage.service.impl.TestRedisServiceImpl" time="2.333" tests="3" errors="0" skipped="0" failures="0">
  <properties>
[...]
</properties>
  <testcase name="testGetValueByKey" classname="com.typotest.codecoverage.service.impl.TestRedisServiceImpl" time="2.31"/>
  <testcase name="testUpdateKeyTTL" classname="com.typotest.codecoverage.service.impl.TestRedisServiceImpl" time="0.012"/>
  <testcase name="testAddKey" classname="com.typotest.codecoverage.service.impl.TestRedisServiceImpl" time="0.002"/>
</testsuite>